## esptool.py version
Warning: DEPRECATED: 'esptool.py' is deprecated. Please use 'esptool' instead. The '.py' suffix will be removed in a future major release.
esptool v5.2.0
5.2.0
## chip_id --no-stub
Warning: DEPRECATED: 'esptool.py' is deprecated. Please use 'esptool' instead. The '.py' suffix will be removed in a future major release.
Warning: Deprecated: Command 'chip_id' is deprecated. Use 'chip-id' instead.
esptool v5.2.0
Serial port /dev/ttyUSB0:
Connecting....
Detecting chip type... ESP32
Connected to ESP32 on /dev/ttyUSB0:
Chip type:          ESP32-D0WDQ6 (revision v1.1)
Features:           Wi-Fi, BT, Dual Core + LP Core, 240MHz, Vref calibration in eFuse, Coding Scheme None
Crystal frequency:  40MHz
MAC:                fc:e8:c0:de:e9:30


Warning: ESP32 has no chip ID. Reading MAC address instead.
MAC:                fc:e8:c0:de:e9:30

Hard resetting via RTS pin...
## read_mac --no-stub
Warning: DEPRECATED: 'esptool.py' is deprecated. Please use 'esptool' instead. The '.py' suffix will be removed in a future major release.
Warning: Deprecated: Command 'read_mac' is deprecated. Use 'read-mac' instead.
esptool v5.2.0
Serial port /dev/ttyUSB0:
Connecting....
Detecting chip type... ESP32
Connected to ESP32 on /dev/ttyUSB0:
Chip type:          ESP32-D0WDQ6 (revision v1.1)
Features:           Wi-Fi, BT, Dual Core + LP Core, 240MHz, Vref calibration in eFuse, Coding Scheme None
Crystal frequency:  40MHz
MAC:                fc:e8:c0:de:e9:30


MAC:                fc:e8:c0:de:e9:30

Hard resetting via RTS pin...
## flash_id --no-stub
Warning: DEPRECATED: 'esptool.py' is deprecated. Please use 'esptool' instead. The '.py' suffix will be removed in a future major release.
Warning: Deprecated: Command 'flash_id' is deprecated. Use 'flash-id' instead.
esptool v5.2.0
Serial port /dev/ttyUSB0:
Connecting......
Detecting chip type... ESP32
Connected to ESP32 on /dev/ttyUSB0:
Chip type:          ESP32-D0WDQ6 (revision v1.1)
Features:           Wi-Fi, BT, Dual Core + LP Core, 240MHz, Vref calibration in eFuse, Coding Scheme None
Crystal frequency:  40MHz
MAC:                fc:e8:c0:de:e9:30


Enabling default SPI flash mode...
Flash Memory Information:
=========================
Manufacturer: 20
Device: 4016
Detected flash size: 4MB
Flash voltage set by a strapping pin: 3.3V

Hard resetting via RTS pin...
## get-security-info --no-stub
Warning: DEPRECATED: 'esptool.py' is deprecated. Please use 'esptool' instead. The '.py' suffix will be removed in a future major release.
esptool v5.2.0
Serial port /dev/ttyUSB0:
Connecting.....
Detecting chip type... ESP32
Connected to ESP32 on /dev/ttyUSB0:
Chip type:          ESP32-D0WDQ6 (revision v1.1)
Features:           Wi-Fi, BT, Dual Core + LP Core, 240MHz, Vref calibration in eFuse, Coding Scheme None
Crystal frequency:  40MHz
MAC:                fc:e8:c0:de:e9:30



Hard resetting via RTS pin...
Traceback (most recent call last):
  File "/home/denis/.platformio/penv/bin/esptool.py", line 37, in <module>
    esptool._main()
  File "/home/denis/.platformio/penv/lib/python3.12/site-packages/esptool/__init__.py", line 1187, in _main
    main()
  File "/home/denis/.platformio/penv/lib/python3.12/site-packages/esptool/__init__.py", line 1081, in main
    cli(args=args, esp=esp)
  File "/home/denis/.platformio/penv/lib/python3.12/site-packages/esptool/cli_util.py", line 345, in __call__
    return super().__call__(*args, **kwargs)
           ^^^^^^^^^^^^^^^^^^^^^^^^^^^^^^^^^
  File "/home/denis/.platformio/penv/lib/python3.12/site-packages/rich_click/rich_command.py", line 402, in __call__
    return super().__call__(*args, **kwargs)
           ^^^^^^^^^^^^^^^^^^^^^^^^^^^^^^^^^
  File "/home/denis/.platformio/penv/lib/python3.12/site-packages/click/core.py", line 1485, in __call__
    return self.main(*args, **kwargs)
           ^^^^^^^^^^^^^^^^^^^^^^^^^^
  File "/home/denis/.platformio/penv/lib/python3.12/site-packages/rich_click/rich_command.py", line 216, in main
    rv = self.invoke(ctx)
         ^^^^^^^^^^^^^^^^
  File "/home/denis/.platformio/penv/lib/python3.12/site-packages/click/core.py", line 1873, in invoke
    return _process_result(sub_ctx.command.invoke(sub_ctx))
                           ^^^^^^^^^^^^^^^^^^^^^^^^^^^^^^^
  File "/home/denis/.platformio/penv/lib/python3.12/site-packages/click/core.py", line 1269, in invoke
    return ctx.invoke(self.callback, **ctx.params)
           ^^^^^^^^^^^^^^^^^^^^^^^^^^^^^^^^^^^^^^^
  File "/home/denis/.platformio/penv/lib/python3.12/site-packages/click/core.py", line 824, in invoke
    return callback(*args, **kwargs)
           ^^^^^^^^^^^^^^^^^^^^^^^^^
  File "/home/denis/.platformio/penv/lib/python3.12/site-packages/click/decorators.py", line 34, in new_func
    return f(get_current_context(), *args, **kwargs)
           ^^^^^^^^^^^^^^^^^^^^^^^^^^^^^^^^^^^^^^^^^
  File "/home/denis/.platformio/penv/lib/python3.12/site-packages/esptool/__init__.py", line 1058, in get_security_info_cli
    get_security_info(ctx.obj["esp"])
  File "/home/denis/.platformio/penv/lib/python3.12/site-packages/esptool/cmds.py", line 1829, in get_security_info
    si = esp.get_security_info()
         ^^^^^^^^^^^^^^^^^^^^^^^
  File "/home/denis/.platformio/penv/lib/python3.12/site-packages/esptool/loader.py", line 1122, in get_security_info
    res = self.check_command(
          ^^^^^^^^^^^^^^^^^^^
  File "/home/denis/.platformio/penv/lib/python3.12/site-packages/esptool/loader.py", line 565, in check_command
    val, data = self.command(op, data, chk, timeout=timeout)
                ^^^^^^^^^^^^^^^^^^^^^^^^^^^^^^^^^^^^^^^^^^^^
  File "/home/denis/.platformio/penv/lib/python3.12/site-packages/esptool/loader.py", line 535, in command
    raise UnsupportedCommandError(self, op)
esptool.util.UnsupportedCommandError: Invalid (unsupported) command 0x14
esptool v5.2.0
Serial port /dev/ttyUSB0:
Connecting.......
Detecting chip type... ESP32
Traceback (most recent call last):
  File "<frozen runpy>", line 198, in _run_module_as_main
  File "<frozen runpy>", line 88, in _run_code
  File "/home/denis/.platformio/penv/lib/python3.12/site-packages/esptool/__main__.py", line 9, in <module>
    esptool._main()
  File "/home/denis/.platformio/penv/lib/python3.12/site-packages/esptool/__init__.py", line 1187, in _main
    main()
  File "/home/denis/.platformio/penv/lib/python3.12/site-packages/esptool/__init__.py", line 1081, in main
    cli(args=args, esp=esp)
  File "/home/denis/.platformio/penv/lib/python3.12/site-packages/esptool/cli_util.py", line 345, in __call__
    return super().__call__(*args, **kwargs)
           ^^^^^^^^^^^^^^^^^^^^^^^^^^^^^^^^^
  File "/home/denis/.platformio/penv/lib/python3.12/site-packages/rich_click/rich_command.py", line 402, in __call__
    return super().__call__(*args, **kwargs)
           ^^^^^^^^^^^^^^^^^^^^^^^^^^^^^^^^^
  File "/home/denis/.platformio/penv/lib/python3.12/site-packages/click/core.py", line 1485, in __call__
    return self.main(*args, **kwargs)
           ^^^^^^^^^^^^^^^^^^^^^^^^^^
  File "/home/denis/.platformio/penv/lib/python3.12/site-packages/rich_click/rich_command.py", line 216, in main
    rv = self.invoke(ctx)
         ^^^^^^^^^^^^^^^^
  File "/home/denis/.platformio/penv/lib/python3.12/site-packages/click/core.py", line 1873, in invoke
    return _process_result(sub_ctx.command.invoke(sub_ctx))
                           ^^^^^^^^^^^^^^^^^^^^^^^^^^^^^^^
  File "/home/denis/.platformio/penv/lib/python3.12/site-packages/click/core.py", line 1269, in invoke
    return ctx.invoke(self.callback, **ctx.params)
           ^^^^^^^^^^^^^^^^^^^^^^^^^^^^^^^^^^^^^^^
  File "/home/denis/.platformio/penv/lib/python3.12/site-packages/click/core.py", line 824, in invoke
    return callback(*args, **kwargs)
           ^^^^^^^^^^^^^^^^^^^^^^^^^
  File "/home/denis/.platformio/penv/lib/python3.12/site-packages/click/decorators.py", line 34, in new_func
    return f(get_current_context(), *args, **kwargs)
           ^^^^^^^^^^^^^^^^^^^^^^^^^^^^^^^^^^^^^^^^^
  File "/home/denis/.platformio/penv/lib/python3.12/site-packages/esptool/__init__.py", line 1058, in get_security_info_cli
    get_security_info(ctx.obj["esp"])
  File "/home/denis/.platformio/penv/lib/python3.12/site-packages/esptool/cmds.py", line 1829, in get_security_info
    si = esp.get_security_info()
         ^^^^^^^^^^^^^^^^^^^^^^^
  File "/home/denis/.platformio/penv/lib/python3.12/site-packages/esptool/loader.py", line 1122, in get_security_info
    res = self.check_command(
          ^^^^^^^^^^^^^^^^^^^
  File "/home/denis/.platformio/penv/lib/python3.12/site-packages/esptool/loader.py", line 565, in check_command
    val, data = self.command(op, data, chk, timeout=timeout)
                ^^^^^^^^^^^^^^^^^^^^^^^^^^^^^^^^^^^^^^^^^^^^
  File "/home/denis/.platformio/penv/lib/python3.12/site-packages/esptool/loader.py", line 535, in command
    raise UnsupportedCommandError(self, op)
esptool.util.UnsupportedCommandError: Invalid (unsupported) command 0x14
Connected to ESP32 on /dev/ttyUSB0:
Chip type:          ESP32-D0WDQ6 (revision v1.1)
Features:           Wi-Fi, BT, Dual Core + LP Core, 240MHz, Vref calibration in eFuse, Coding Scheme None
Crystal frequency:  40MHz
MAC:                fc:e8:c0:de:e9:30



Hard resetting via RTS pin...
## espefuse summary
Warning: DEPRECATED: 'espefuse.py' is deprecated. Please use 'espefuse' instead. The '.py' suffix will be removed in a future major release.
espefuse v5.2.0
Connecting.....
Detecting chip type... ESP32

=== Run "summary" command ===
EFUSE_NAME (Block) Description  = [Meaningful Value] [Readable/Writeable] (Hex Value)
----------------------------------------------------------------------------------------
Calibration fuses:
ADC_VREF (BLOCK0)                                  True ADC reference voltage                         = 1128 R/W (0b00100)

Config fuses:
WR_DIS (BLOCK0)                                    Efuse write disable mask                           = 0 R/W (0x0000)
RD_DIS (BLOCK0)                                    Disable reading from BlOCK1-3                      = 0 R/W (0x0)
DISABLE_APP_CPU (BLOCK0)                           Disables APP CPU                                   = False R/W (0b0)
DISABLE_BT (BLOCK0)                                Disables Bluetooth                                 = False R/W (0b0)
DIS_CACHE (BLOCK0)                                 Disables cache                                     = False R/W (0b0)
CHIP_CPU_FREQ_LOW (BLOCK0)                         If set alongside EFUSE_RD_CHIP_CPU_FREQ_RATED; the = False R/W (0b0)
                                                    ESP32's max CPU frequency is rated for 160MHz. 24
                                                   0MHz otherwise                                    
CHIP_CPU_FREQ_RATED (BLOCK0)                       If set; the ESP32's maximum CPU frequency has been = True R/W (0b1)
                                                    rated                                            
BLK3_PART_RESERVE (BLOCK0)                         BLOCK3 partially served for ADC calibration data   = False R/W (0b0)
CLK8M_FREQ (BLOCK0)                                8MHz clock freq override                           = 52 R/W (0x34)
VOL_LEVEL_HP_INV (BLOCK0)                          This field stores the voltage level for CPU to run = 0 R/W (0b00)
                                                    at 240 MHz; or for flash/PSRAM to run at 80 MHz.0
                                                   x0: level 7; 0x1: level 6; 0x2: level 5; 0x3: leve
                                                   l 4. (RO)                                         
CODING_SCHEME (BLOCK0)                             Efuse variable block length scheme                
   = NONE (BLK1-3 len=256 bits) R/W (0b00)
CONSOLE_DEBUG_DISABLE (BLOCK0)                     Disable ROM BASIC interpreter fallback             = True R/W (0b1)
DISABLE_SDIO_HOST (BLOCK0)                                                                            = False R/W (0b0)
DISABLE_DL_CACHE (BLOCK0)                          Disable flash cache in UART bootloader             = False R/W (0b0)

Flash fuses:
FLASH_CRYPT_CNT (BLOCK0)                           Flash encryption is enabled if this field has an o = 0 R/W (0b0000000)
                                                   dd number of bits set                             
FLASH_CRYPT_CONFIG (BLOCK0)                        Flash encryption config (key tweak bits)           = 0 R/W (0x0)

Identity fuses:
CHIP_PACKAGE_4BIT (BLOCK0)                         Chip package identifier #4bit                      = False R/W (0b0)
CHIP_PACKAGE (BLOCK0)                              Chip package identifier                            = 0 R/W (0b000)
CHIP_VER_REV1 (BLOCK0)                             bit is set to 1 for rev1 silicon                   = True R/W (0b1)
CHIP_VER_REV2 (BLOCK0)                                                                                = False R/W (0b0)
WAFER_VERSION_MINOR (BLOCK0)                                                                          = 1 R/W (0b01)
WAFER_VERSION_MAJOR (BLOCK0)                       calc WAFER VERSION MAJOR from CHIP_VER_REV1 and CH = 1 R/W (0b001)
                                                   IP_VER_REV2 and apb_ctl_date (read only)          
PKG_VERSION (BLOCK0)                               calc Chip package = CHIP_PACKAGE_4BIT << 3 + CHIP_ = 0 R/W (0x0)
                                                   PACKAGE (read only)                               

Jtag fuses:
JTAG_DISABLE (BLOCK0)                              Disable JTAG                                       = False R/W (0b0)

Mac fuses:
MAC (BLOCK0)                                       MAC address                                       
   = fc:e8:c0:de:e9:30 (CRC 0x46 OK) R/W 
MAC_CRC (BLOCK0)                                   CRC8 for MAC address                               = 70 R/W (0x46)
MAC_VERSION (BLOCK3)                               Version of the MAC field                           = 0 R/W (0x00)
CUSTOM_MAC_CRC (BLOCK3)                            CRC8 for custom MAC address                        = 0 R/W (0x00)
CUSTOM_MAC (BLOCK3)                                Custom MAC address                                
   = 00:00:00:00:00:00 (CRC 0x00 OK) R/W 

Security fuses:
UART_DOWNLOAD_DIS (BLOCK0)                         Disable UART download mode. Valid for ESP32 V3 and = False R/W (0b0)
                                                    newer; only                                      
ABS_DONE_0 (BLOCK0)                                Secure boot V1 is enabled for bootloader image     = False R/W (0b0)
ABS_DONE_1 (BLOCK0)                                Secure boot V2 is enabled for bootloader image     = False R/W (0b0)
DISABLE_DL_ENCRYPT (BLOCK0)                        Disable flash encryption in UART bootloader        = False R/W (0b0)
DISABLE_DL_DECRYPT (BLOCK0)                        Disable flash decryption in UART bootloader        = False R/W (0b0)
KEY_STATUS (BLOCK0)                                Usage of efuse block 3 (reserved)                  = False R/W (0b0)
SECURE_VERSION (BLOCK3)                            Secure version for anti-rollback                   = 0 R/W (0x00000000)
BLOCK1 (BLOCK1)                                    Flash encryption key                              
   = 00 00 00 00 00 00 00 00 00 00 00 00 00 00 00 00 00 00 00 00 00 00 00 00 00 00 00 00 00 00 00 00 R/W 
BLOCK2 (BLOCK2)                                    Security boot key                                 
   = 00 00 00 00 00 00 00 00 00 00 00 00 00 00 00 00 00 00 00 00 00 00 00 00 00 00 00 00 00 00 00 00 R/W 
BLOCK3 (BLOCK3)                                    Variable Block 3                                  
   = 00 00 00 00 00 00 00 00 00 00 00 00 00 00 00 00 00 00 00 00 00 00 00 00 00 00 00 00 00 00 00 00 R/W 

Spi Pad fuses:
SPI_PAD_CONFIG_HD (BLOCK0)                         read for SPI_pad_config_hd                         = 0 R/W (0b00000)
SPI_PAD_CONFIG_CLK (BLOCK0)                        Override SD_CLK pad (GPIO6/SPICLK)                 = 0 R/W (0b00000)
SPI_PAD_CONFIG_Q (BLOCK0)                          Override SD_DATA_0 pad (GPIO7/SPIQ)                = 0 R/W (0b00000)
SPI_PAD_CONFIG_D (BLOCK0)                          Override SD_DATA_1 pad (GPIO8/SPID)                = 0 R/W (0b00000)
SPI_PAD_CONFIG_CS0 (BLOCK0)                        Override SD_CMD pad (GPIO11/SPICS0)                = 0 R/W (0b00000)

Vdd fuses:
XPD_SDIO_REG (BLOCK0)                              read for XPD_SDIO_REG                              = False R/W (0b0)
XPD_SDIO_TIEH (BLOCK0)                             If XPD_SDIO_FORCE & XPD_SDIO_REG                   = 1.8V R/W (0b0)
XPD_SDIO_FORCE (BLOCK0)                            Ignore MTDI pin (GPIO12) for VDD_SDIO on reset     = False R/W (0b0)

Flash voltage (VDD_SDIO) determined by GPIO12 on reset (High for 1.8V, Low/NC for 3.3V)
